[2014-11-04 20:05:40]INFO  com.china.center.oa.sail.manager.impl.OutImportManagerImpl.batchUpdateDistAddr(Unknown Source) [http-8888-4] 地址更新，销售单：SO1310241727011627804
[2014-11-04 20:05:40]INFO  com.china.center.oa.sail.manager.impl.OutImportManagerImpl.batchUpdateDistAddr(Unknown Source) [http-8888-4] 新省：410000
[2014-11-04 20:05:40]INFO  com.china.center.oa.sail.manager.impl.OutImportManagerImpl.batchUpdateDistAddr(Unknown Source) [http-8888-4] 新市：411500
[2014-11-04 20:05:40]INFO  com.china.center.oa.sail.manager.impl.OutImportManagerImpl.batchUpdateDistAddr(Unknown Source) [http-8888-4] 新区：
[2014-11-04 20:05:40]INFO  com.china.center.oa.sail.manager.impl.OutImportManagerImpl.batchUpdateDistAddr(Unknown Source) [http-8888-4] 新地址：余柏林
[2014-11-04 20:05:40]INFO  com.china.center.oa.sail.manager.impl.OutImportManagerImpl.batchUpdateDistAddr(Unknown Source) [http-8888-4] 新接收人：余柏林
[2014-11-04 20:05:40]INFO  com.china.center.oa.sail.manager.impl.OutImportManagerImpl.batchUpdateDistAddr(Unknown Source) [http-8888-4] 新手机：13462000909
[2014-11-04 20:05:40]INFO  com.china.center.oa.sail.manager.impl.OutImportManagerImpl.batchUpdateDistAddr(Unknown Source) [http-8888-4] 新发货方式：99
[2014-11-04 20:07:44]INFO  com.china.center.oa.sail.manager.impl.OutImportManagerImpl.batchUpdateDistAddr(Unknown Source) [http-8888-4] 地址更新，销售单：SO1310241727011627804
[2014-11-04 20:07:44]INFO  com.china.center.oa.sail.manager.impl.OutImportManagerImpl.batchUpdateDistAddr(Unknown Source) [http-8888-4] 新省：410000
[2014-11-04 20:07:44]INFO  com.china.center.oa.sail.manager.impl.OutImportManagerImpl.batchUpdateDistAddr(Unknown Source) [http-8888-4] 新市：411500
[2014-11-04 20:07:44]INFO  com.china.center.oa.sail.manager.impl.OutImportManagerImpl.batchUpdateDistAddr(Unknown Source) [http-8888-4] 新区：
[2014-11-04 20:07:44]INFO  com.china.center.oa.sail.manager.impl.OutImportManagerImpl.batchUpdateDistAddr(Unknown Source) [http-8888-4] 新地址：余柏林
[2014-11-04 20:07:44]INFO  com.china.center.oa.sail.manager.impl.OutImportManagerImpl.batchUpdateDistAddr(Unknown Source) [http-8888-4] 新接收人：余柏林
[2014-11-04 20:07:44]INFO  com.china.center.oa.sail.manager.impl.OutImportManagerImpl.batchUpdateDistAddr(Unknown Source) [http-8888-4] 新手机：13462000909
[2014-11-04 20:07:44]INFO  com.china.center.oa.sail.manager.impl.OutImportManagerImpl.batchUpdateDistAddr(Unknown Source) [http-8888-4] 新发货方式：99
[2014-11-05 08:41:43]INFO  com.china.center.oa.sail.manager.impl.OutImportManagerImpl.batchUpdateDistAddr(Unknown Source) [http-8888-5] 地址更新，销售单：SO1310241727011627804
[2014-11-05 08:41:43]INFO  com.china.center.oa.sail.manager.impl.OutImportManagerImpl.batchUpdateDistAddr(Unknown Source) [http-8888-5] 新省：410000
[2014-11-05 08:41:43]INFO  com.china.center.oa.sail.manager.impl.OutImportManagerImpl.batchUpdateDistAddr(Unknown Source) [http-8888-5] 新市：411500
[2014-11-05 08:41:43]INFO  com.china.center.oa.sail.manager.impl.OutImportManagerImpl.batchUpdateDistAddr(Unknown Source) [http-8888-5] 新区：
[2014-11-05 08:41:43]INFO  com.china.center.oa.sail.manager.impl.OutImportManagerImpl.batchUpdateDistAddr(Unknown Source) [http-8888-5] 新地址：余柏林
[2014-11-05 08:41:43]INFO  com.china.center.oa.sail.manager.impl.OutImportManagerImpl.batchUpdateDistAddr(Unknown Source) [http-8888-5] 新接收人：余柏林
[2014-11-05 08:41:43]INFO  com.china.center.oa.sail.manager.impl.OutImportManagerImpl.batchUpdateDistAddr(Unknown Source) [http-8888-5] 新手机：13462000909
[2014-11-05 08:41:43]INFO  com.china.center.oa.sail.manager.impl.OutImportManagerImpl.batchUpdateDistAddr(Unknown Source) [http-8888-5] 新发货方式：99
[2014-11-05 08:41:43]INFO  com.china.center.oa.sail.manager.impl.OutImportManagerImpl.batchUpdateDistAddr(Unknown Source) [http-8888-5] 销售单备注：备注111
[2014-11-05 08:51:26]INFO  com.china.center.oa.sail.manager.impl.OutImportManagerImpl.batchUpdateDistAddr(Unknown Source) [http-8888-6] 地址更新，销售单：SO1310241727011627804
[2014-11-05 08:51:26]INFO  com.china.center.oa.sail.manager.impl.OutImportManagerImpl.batchUpdateDistAddr(Unknown Source) [http-8888-6] 新省：410000
[2014-11-05 08:51:26]INFO  com.china.center.oa.sail.manager.impl.OutImportManagerImpl.batchUpdateDistAddr(Unknown Source) [http-8888-6] 新市：411500
[2014-11-05 08:51:26]INFO  com.china.center.oa.sail.manager.impl.OutImportManagerImpl.batchUpdateDistAddr(Unknown Source) [http-8888-6] 新区：
[2014-11-05 08:51:26]INFO  com.china.center.oa.sail.manager.impl.OutImportManagerImpl.batchUpdateDistAddr(Unknown Source) [http-8888-6] 新地址：余柏林
[2014-11-05 08:51:26]INFO  com.china.center.oa.sail.manager.impl.OutImportManagerImpl.batchUpdateDistAddr(Unknown Source) [http-8888-6] 新接收人：余柏林
[2014-11-05 08:51:26]INFO  com.china.center.oa.sail.manager.impl.OutImportManagerImpl.batchUpdateDistAddr(Unknown Source) [http-8888-6] 新手机：13462000909
[2014-11-05 08:51:26]INFO  com.china.center.oa.sail.manager.impl.OutImportManagerImpl.batchUpdateDistAddr(Unknown Source) [http-8888-6] 新发货方式：99
[2014-11-05 09:18:11]INFO  com.china.center.oa.sail.manager.impl.OutImportManagerImpl.batchUpdateDistAddr(Unknown Source) [http-8888-6] 地址更新，销售单：SO1310241727011627804
[2014-11-05 09:18:11]INFO  com.china.center.oa.sail.manager.impl.OutImportManagerImpl.batchUpdateDistAddr(Unknown Source) [http-8888-6] 新省：410000
[2014-11-05 09:18:11]INFO  com.china.center.oa.sail.manager.impl.OutImportManagerImpl.batchUpdateDistAddr(Unknown Source) [http-8888-6] 新市：411500
[2014-11-05 09:18:11]INFO  com.china.center.oa.sail.manager.impl.OutImportManagerImpl.batchUpdateDistAddr(Unknown Source) [http-8888-6] 新区：
[2014-11-05 09:18:11]INFO  com.china.center.oa.sail.manager.impl.OutImportManagerImpl.batchUpdateDistAddr(Unknown Source) [http-8888-6] 新地址：余柏林
[2014-11-05 09:18:11]INFO  com.china.center.oa.sail.manager.impl.OutImportManagerImpl.batchUpdateDistAddr(Unknown Source) [http-8888-6] 新接收人：余柏林
[2014-11-05 09:18:11]INFO  com.china.center.oa.sail.manager.impl.OutImportManagerImpl.batchUpdateDistAddr(Unknown Source) [http-8888-6] 新手机：13462000909
[2014-11-05 09:18:11]INFO  com.china.center.oa.sail.manager.impl.OutImportManagerImpl.batchUpdateDistAddr(Unknown Source) [http-8888-6] 新发货方式：99
